<?xml version="1.0" encoding="UTF-8"?>
<testsuite name="com.example.ssa.ssa.SsaApplicationTests" tests="1" skipped="0" failures="0" errors="0" timestamp="2017-07-29T06:50:12" hostname="nakatsumahiroyuki-no-MacBook.local" time="0.053">
  <properties/>
  <testcase name="contextLoads" classname="com.example.ssa.ssa.SsaApplicationTests" time="0.053"/>
  <system-out><![CDATA[15:50:04.715 [Test worker] DEBUG org.springframework.test.context.junit4.SpringJUnit4ClassRunner - SpringJUnit4ClassRunner constructor called with [class com.example.ssa.ssa.SsaApplicationTests]
15:50:04.721 [Test worker] DEBUG org.springframework.test.context.BootstrapUtils - Instantiating CacheAwareContextLoaderDelegate from class [org.springframework.test.context.cache.DefaultCacheAwareContextLoaderDelegate]
15:50:04.731 [Test worker] DEBUG org.springframework.test.context.BootstrapUtils - Instantiating BootstrapContext using constructor [public org.springframework.test.context.support.DefaultBootstrapContext(java.lang.Class,org.springframework.test.context.CacheAwareContextLoaderDelegate)]
15:50:04.750 [Test worker] DEBUG org.springframework.test.context.BootstrapUtils - Instantiating TestContextBootstrapper for test class [com.example.ssa.ssa.SsaApplicationTests] from class [org.springframework.boot.test.context.SpringBootTestContextBootstrapper]
15:50:04.780 [Test worker] INFO org.springframework.boot.test.context.SpringBootTestContextBootstrapper - Neither @ContextConfiguration nor @ContextHierarchy found for test class [com.example.ssa.ssa.SsaApplicationTests], using SpringBootContextLoader
15:50:04.784 [Test worker] DEBUG org.springframework.test.context.support.AbstractContextLoader - Did not detect default resource location for test class [com.example.ssa.ssa.SsaApplicationTests]: class path resource [com/example/ssa/ssa/SsaApplicationTests-context.xml] does not exist
15:50:04.784 [Test worker] DEBUG org.springframework.test.context.support.AbstractContextLoader - Did not detect default resource location for test class [com.example.ssa.ssa.SsaApplicationTests]: class path resource [com/example/ssa/ssa/SsaApplicationTestsContext.groovy] does not exist
15:50:04.785 [Test worker] INFO org.springframework.test.context.support.AbstractContextLoader - Could not detect default resource locations for test class [com.example.ssa.ssa.SsaApplicationTests]: no resource found for suffixes {-context.xml, Context.groovy}.
15:50:04.787 [Test worker] INFO org.springframework.test.context.support.AnnotationConfigContextLoaderUtils - Could not detect default configuration classes for test class [com.example.ssa.ssa.SsaApplicationTests]: SsaApplicationTests does not declare any static, non-private, non-final, nested classes annotated with @Configuration.
15:50:04.839 [Test worker] DEBUG org.springframework.test.context.support.ActiveProfilesUtils - Could not find an 'annotation declaring class' for annotation type [org.springframework.test.context.ActiveProfiles] and class [com.example.ssa.ssa.SsaApplicationTests]
15:50:04.850 [Test worker] DEBUG org.springframework.core.env.StandardEnvironment - Adding [systemProperties] PropertySource with lowest search precedence
15:50:04.851 [Test worker] DEBUG org.springframework.core.env.StandardEnvironment - Adding [systemEnvironment] PropertySource with lowest search precedence
15:50:04.851 [Test worker] DEBUG org.springframework.core.env.StandardEnvironment - Initialized StandardEnvironment with PropertySources [systemProperties,systemEnvironment]
15:50:04.865 [Test worker] DEBUG org.springframework.core.io.support.PathMatchingResourcePatternResolver - Resolved classpath location [com/example/ssa/ssa/] to resources [URL [file:/Users/Hiroyuki_Nakatsuma/ssa/build/classes/test/com/example/ssa/ssa/], URL [file:/Users/Hiroyuki_Nakatsuma/ssa/build/classes/main/com/example/ssa/ssa/]]
15:50:04.866 [Test worker] DEBUG org.springframework.core.io.support.PathMatchingResourcePatternResolver - Looking for matching resources in directory tree [/Users/Hiroyuki_Nakatsuma/ssa/build/classes/test/com/example/ssa/ssa]
15:50:04.866 [Test worker] DEBUG org.springframework.core.io.support.PathMatchingResourcePatternResolver - Searching directory [/Users/Hiroyuki_Nakatsuma/ssa/build/classes/test/com/example/ssa/ssa] for files matching pattern [/Users/Hiroyuki_Nakatsuma/ssa/build/classes/test/com/example/ssa/ssa/*.class]
15:50:04.871 [Test worker] DEBUG org.springframework.core.io.support.PathMatchingResourcePatternResolver - Looking for matching resources in directory tree [/Users/Hiroyuki_Nakatsuma/ssa/build/classes/main/com/example/ssa/ssa]
15:50:04.871 [Test worker] DEBUG org.springframework.core.io.support.PathMatchingResourcePatternResolver - Searching directory [/Users/Hiroyuki_Nakatsuma/ssa/build/classes/main/com/example/ssa/ssa] for files matching pattern [/Users/Hiroyuki_Nakatsuma/ssa/build/classes/main/com/example/ssa/ssa/*.class]
15:50:04.872 [Test worker] DEBUG org.springframework.core.io.support.PathMatchingResourcePatternResolver - Resolved location pattern [classpath*:com/example/ssa/ssa/*.class] to resources [file [/Users/Hiroyuki_Nakatsuma/ssa/build/classes/test/com/example/ssa/ssa/SsaApplicationTests.class], file [/Users/Hiroyuki_Nakatsuma/ssa/build/classes/main/com/example/ssa/ssa/SsaApplication.class]]
15:50:04.947 [Test worker] DEBUG org.springframework.context.annotation.ClassPathScanningCandidateComponentProvider - Identified candidate component class: file [/Users/Hiroyuki_Nakatsuma/ssa/build/classes/main/com/example/ssa/ssa/SsaApplication.class]
15:50:04.949 [Test worker] INFO org.springframework.boot.test.context.SpringBootTestContextBootstrapper - Found @SpringBootConfiguration com.example.ssa.ssa.SsaApplication for test class com.example.ssa.ssa.SsaApplicationTests
15:50:04.953 [Test worker] DEBUG org.springframework.boot.test.context.SpringBootTestContextBootstrapper - @TestExecutionListeners is not present for class [com.example.ssa.ssa.SsaApplicationTests]: using defaults.
15:50:04.959 [Test worker] INFO org.springframework.boot.test.context.SpringBootTestContextBootstrapper - Loaded default TestExecutionListener class names from location [META-INF/spring.factories]: [org.springframework.security.test.context.support.WithSecurityContextTestExecutionListener, org.springframework.boot.test.mock.mockito.MockitoTestExecutionListener, org.springframework.boot.test.mock.mockito.ResetMocksTestExecutionListener, org.springframework.boot.test.autoconfigure.restdocs.RestDocsTestExecutionListener, org.springframework.boot.test.autoconfigure.web.client.MockRestServiceServerResetTestExecutionListener, org.springframework.boot.test.autoconfigure.web.servlet.MockMvcPrintOnlyOnFailureTestExecutionListener, org.springframework.boot.test.autoconfigure.web.servlet.WebDriverTestExecutionListener, org.springframework.test.context.web.ServletTestExecutionListener, org.springframework.test.context.support.DirtiesContextBeforeModesTestExecutionListener, org.springframework.test.context.support.DependencyInjectionTestExecutionListener, org.springframework.test.context.support.DirtiesContextTestExecutionListener, org.springframework.test.context.transaction.TransactionalTestExecutionListener, org.springframework.test.context.jdbc.SqlScriptsTestExecutionListener]
15:50:04.993 [Test worker] INFO org.springframework.boot.test.context.SpringBootTestContextBootstrapper - Using TestExecutionListeners: [org.springframework.test.context.web.ServletTestExecutionListener@42628335, org.springframework.test.context.support.DirtiesContextBeforeModesTestExecutionListener@13508bdc, org.springframework.boot.test.autoconfigure.SpringBootDependencyInjectionTestExecutionListener@3f3fcd7b, org.springframework.test.context.support.DirtiesContextTestExecutionListener@2169ed8a, org.springframework.test.context.transaction.TransactionalTestExecutionListener@77c4a9b9, org.springframework.test.context.jdbc.SqlScriptsTestExecutionListener@60ddc2f6, org.springframework.security.test.context.support.WithSecurityContextTestExecutionListener@21c88f83, org.springframework.boot.test.autoconfigure.web.servlet.MockMvcPrintOnlyOnFailureTestExecutionListener@4f23338d, org.springframework.boot.test.mock.mockito.MockitoTestExecutionListener@1df8c2b1, org.springframework.boot.test.autoconfigure.web.client.MockRestServiceServerResetTestExecutionListener@13bc698a, org.springframework.boot.test.autoconfigure.restdocs.RestDocsTestExecutionListener@766d48e9, org.springframework.boot.test.autoconfigure.web.servlet.WebDriverTestExecutionListener@2004a2f2, org.springframework.boot.test.mock.mockito.ResetMocksTestExecutionListener@7bb21109]
15:50:04.997 [Test worker] DEBUG org.springframework.test.annotation.ProfileValueUtils - Retrieved @ProfileValueSourceConfiguration [null] for test class [com.example.ssa.ssa.SsaApplicationTests]
15:50:04.997 [Test worker] DEBUG org.springframework.test.annotation.ProfileValueUtils - Retrieved ProfileValueSource type [class org.springframework.test.annotation.SystemProfileValueSource] for class [com.example.ssa.ssa.SsaApplicationTests]
15:50:04.999 [Test worker] DEBUG org.springframework.test.annotation.ProfileValueUtils - Retrieved @ProfileValueSourceConfiguration [null] for test class [com.example.ssa.ssa.SsaApplicationTests]
15:50:05.000 [Test worker] DEBUG org.springframework.test.annotation.ProfileValueUtils - Retrieved ProfileValueSource type [class org.springframework.test.annotation.SystemProfileValueSource] for class [com.example.ssa.ssa.SsaApplicationTests]
15:50:05.007 [Test worker] DEBUG org.springframework.test.context.support.AbstractDirtiesContextTestExecutionListener - Before test class: context [DefaultTestContext@475a2a14 testClass = SsaApplicationTests, testInstance = [null], testMethod = [null], testException = [null], mergedContextConfiguration = [WebMergedContextConfiguration@43474c52 testClass = SsaApplicationTests, locations = '{}', classes = '{class com.example.ssa.ssa.SsaApplication}', contextInitializerClasses = '[]', activeProfiles = '{}', propertySourceLocations = '{}', propertySourceProperties = '{org.springframework.boot.test.context.SpringBootTestContextBootstrapper=true}', contextCustomizers = set[org.springframework.boot.test.context.SpringBootTestContextCustomizer@6242f6ae, org.springframework.boot.test.context.filter.ExcludeFilterContextCustomizer@656a64c9, org.springframework.boot.test.json.DuplicateJsonObjectContextCustomizerFactory$DuplicateJsonObjectContextCustomizer@4b9e930f, org.springframework.boot.test.mock.mockito.MockitoContextCustomizer@0, org.springframework.boot.test.autoconfigure.properties.PropertyMappingContextCustomizer@0, org.springframework.boot.test.autoconfigure.web.servlet.WebDriverContextCustomizerFactory$Customizer@60f41b4a], resourceBasePath = 'src/main/webapp', contextLoader = 'org.springframework.boot.test.context.SpringBootContextLoader', parent = [null]]], class annotated with @DirtiesContext [false] with mode [null].
15:50:05.008 [Test worker] DEBUG org.springframework.test.annotation.ProfileValueUtils - Retrieved @ProfileValueSourceConfiguration [null] for test class [com.example.ssa.ssa.SsaApplicationTests]
15:50:05.009 [Test worker] DEBUG org.springframework.test.annotation.ProfileValueUtils - Retrieved ProfileValueSource type [class org.springframework.test.annotation.SystemProfileValueSource] for class [com.example.ssa.ssa.SsaApplicationTests]
15:50:05.086 [Test worker] DEBUG org.springframework.core.env.StandardEnvironment - Adding [systemProperties] PropertySource with lowest search precedence
15:50:05.086 [Test worker] DEBUG org.springframework.core.env.StandardEnvironment - Adding [systemEnvironment] PropertySource with lowest search precedence
15:50:05.087 [Test worker] DEBUG org.springframework.core.env.StandardEnvironment - Initialized StandardEnvironment with PropertySources [systemProperties,systemEnvironment]
15:50:05.089 [Test worker] DEBUG org.springframework.core.env.MutablePropertySources - Adding [inline] PropertySource with highest search precedence
15:50:05.096 [Test worker] DEBUG org.springframework.test.context.support.TestPropertySourceUtils - Adding inlined properties to environment: {spring.jmx.enabled=false, org.springframework.boot.test.context.SpringBootTestContextBootstrapper=true, server.port=-1}
15:50:05.096 [Test worker] DEBUG org.springframework.core.env.StandardEnvironment - Adding [Inlined Test Properties] PropertySource with highest search precedence

  .   ____          _            __ _ _
 /\\ / ___'_ __ _ _(_)_ __  __ _ \ \ \ \
( ( )\___ | '_ | '_| | '_ \/ _` | \ \ \ \
 \\/  ___)| |_)| | | | | || (_| |  ) ) ) )
  '  |____| .__|_| |_|_| |_\__, | / / / /
 =========|_|==============|___/=/_/_/_/
 :: Spring Boot ::        (v1.5.4.RELEASE)

2017-07-29 15:50:05.736  INFO 9521 --- [    Test worker] com.example.ssa.ssa.SsaApplicationTests  : Starting SsaApplicationTests on nakatsumahiroyuki-no-MacBook.local with PID 9521 (started by Hiroyuki_Nakatsuma in /Users/Hiroyuki_Nakatsuma/ssa)
2017-07-29 15:50:05.738  INFO 9521 --- [    Test worker] com.example.ssa.ssa.SsaApplicationTests  : No active profile set, falling back to default profiles: default
2017-07-29 15:50:06.151  INFO 9521 --- [    Test worker] o.s.w.c.s.GenericWebApplicationContext   : Refreshing org.springframework.web.context.support.GenericWebApplicationContext@26b4bdf2: startup date [Sat Jul 29 15:50:06 JST 2017]; root of context hierarchy
2017-07-29 15:50:07.128  WARN 9521 --- [    Test worker] o.m.s.mapper.ClassPathMapperScanner      : No MyBatis mapper was found in '[com.example.ssa.ssa]' package. Please check your configuration.
2017-07-29 15:50:07.167  INFO 9521 --- [    Test worker] .s.d.r.c.RepositoryConfigurationDelegate : Multiple Spring Data modules found, entering strict repository configuration mode!
2017-07-29 15:50:08.932  INFO 9521 --- [    Test worker] s.w.s.m.m.a.RequestMappingHandlerAdapter : Looking for @ControllerAdvice: org.springframework.web.context.support.GenericWebApplicationContext@26b4bdf2: startup date [Sat Jul 29 15:50:06 JST 2017]; root of context hierarchy
2017-07-29 15:50:09.040  INFO 9521 --- [    Test worker] s.w.s.m.m.a.RequestMappingHandlerMapping : Mapped "{[/]}" onto public java.lang.String com.example.ssa.ssa.SsaApplication.home()
2017-07-29 15:50:09.045  INFO 9521 --- [    Test worker] s.w.s.m.m.a.RequestMappingHandlerMapping : Mapped "{[/error]}" onto public org.springframework.http.ResponseEntity<java.util.Map<java.lang.String, java.lang.Object>> org.springframework.boot.autoconfigure.web.BasicErrorController.error(javax.servlet.http.HttpServletRequest)
2017-07-29 15:50:09.049  INFO 9521 --- [    Test worker] s.w.s.m.m.a.RequestMappingHandlerMapping : Mapped "{[/error],produces=[text/html]}" onto public org.springframework.web.servlet.ModelAndView org.springframework.boot.autoconfigure.web.BasicErrorController.errorHtml(javax.servlet.http.HttpServletRequest,javax.servlet.http.HttpServletResponse)
2017-07-29 15:50:09.096  INFO 9521 --- [    Test worker] o.s.w.s.handler.SimpleUrlHandlerMapping  : Mapped URL path [/webjars/**] onto handler of type [class org.springframework.web.servlet.resource.ResourceHttpRequestHandler]
2017-07-29 15:50:09.096  INFO 9521 --- [    Test worker] o.s.w.s.handler.SimpleUrlHandlerMapping  : Mapped URL path [/**] onto handler of type [class org.springframework.web.servlet.resource.ResourceHttpRequestHandler]
2017-07-29 15:50:09.154  INFO 9521 --- [    Test worker] o.s.w.s.handler.SimpleUrlHandlerMapping  : Mapped URL path [/**/favicon.ico] onto handler of type [class org.springframework.web.servlet.resource.ResourceHttpRequestHandler]
2017-07-29 15:50:10.481  INFO 9521 --- [    Test worker] o.f.core.internal.util.VersionPrinter    : Flyway 3.2.1 by Boxfuse
2017-07-29 15:50:11.280  INFO 9521 --- [    Test worker] o.f.c.i.dbsupport.DbSupportFactory       : Database: jdbc:mysql://localhost/ssa (MySQL 5.7)
2017-07-29 15:50:11.338  INFO 9521 --- [    Test worker] o.f.core.internal.command.DbValidate     : Validated 1 migration (execution time 00:00.034s)
2017-07-29 15:50:11.381  INFO 9521 --- [    Test worker] o.f.core.internal.command.DbMigrate      : Current version of schema `ssa`: 1
2017-07-29 15:50:11.382  INFO 9521 --- [    Test worker] o.f.core.internal.command.DbMigrate      : Schema `ssa` is up to date. No migration necessary.
2017-07-29 15:50:11.625  INFO 9521 --- [    Test worker] b.a.s.AuthenticationManagerConfiguration : 

Using default security password: 1747fcd3-b33a-4e49-a72d-a1e894b7ea59

2017-07-29 15:50:11.708  INFO 9521 --- [    Test worker] o.s.s.web.DefaultSecurityFilterChain     : Creating filter chain: OrRequestMatcher [requestMatchers=[Ant [pattern='/css/**'], Ant [pattern='/js/**'], Ant [pattern='/images/**'], Ant [pattern='/webjars/**'], Ant [pattern='/**/favicon.ico'], Ant [pattern='/error']]], []
2017-07-29 15:50:11.821  INFO 9521 --- [    Test worker] o.s.s.web.DefaultSecurityFilterChain     : Creating filter chain: OrRequestMatcher [requestMatchers=[Ant [pattern='/**']]], [org.springframework.security.web.context.request.async.WebAsyncManagerIntegrationFilter@7cd0731b, org.springframework.security.web.context.SecurityContextPersistenceFilter@72abd2da, org.springframework.security.web.header.HeaderWriterFilter@5a6fe78c, org.springframework.security.web.authentication.logout.LogoutFilter@6084e971, org.springframework.security.web.authentication.www.BasicAuthenticationFilter@4a8aefd8, org.springframework.security.web.savedrequest.RequestCacheAwareFilter@7fd5daf3, org.springframework.security.web.servletapi.SecurityContextHolderAwareRequestFilter@2d62f153, org.springframework.security.web.authentication.AnonymousAuthenticationFilter@48cb2457, org.springframework.security.web.session.SessionManagementFilter@58add032, org.springframework.security.web.access.ExceptionTranslationFilter@42538b71, org.springframework.security.web.access.intercept.FilterSecurityInterceptor@7eff67cb]
2017-07-29 15:50:12.234  INFO 9521 --- [    Test worker] com.example.ssa.ssa.SsaApplicationTests  : Started SsaApplicationTests in 7.123 seconds (JVM running for 8.402)
]]></system-out>
  <system-err><![CDATA[Sat Jul 29 15:50:10 JST 2017 WARN: Establishing SSL connection without server's identity verification is not recommended. According to MySQL 5.5.45+, 5.6.26+ and 5.7.6+ requirements SSL connection must be established by default if explicit option isn't set. For compliance with existing applications not using SSL the verifyServerCertificate property is set to 'false'. You need either to explicitly disable SSL by setting useSSL=false, or set useSSL=true and provide truststore for server certificate verification.
Sat Jul 29 15:50:11 JST 2017 WARN: Establishing SSL connection without server's identity verification is not recommended. According to MySQL 5.5.45+, 5.6.26+ and 5.7.6+ requirements SSL connection must be established by default if explicit option isn't set. For compliance with existing applications not using SSL the verifyServerCertificate property is set to 'false'. You need either to explicitly disable SSL by setting useSSL=false, or set useSSL=true and provide truststore for server certificate verification.
]]></system-err>
</testsuite>
